<?xml version="1.0" encoding="UTF-8"?>
<!-- Generated by org.testng.reporters.JUnitReportReporter -->
<testsuite skipped="0" hostname="DESKTOP-H54NEVQ" name="com.test.exe.GetDiseaseSummery" tests="2" failures="0" timestamp="01 May 2021 08:52:17 GMT" time="62.731" errors="0">
  <testcase name="tc1" time="45.498" classname="com.test.exe.GetDiseaseSummery"/>
  <testcase name="tc2" time="17.233" classname="com.test.exe.GetDiseaseSummery"/>
</testsuite> <!-- com.test.exe.GetDiseaseSummery -->
